/home/ec2-user/anaconda3/envs/pytorch_p310/lib/python3.10/site-packages/torch/cuda/__init__.py:61: FutureWarning: The pynvml package is deprecated. Please install nvidia-ml-py instead. If you did not install pynvml directly, please report this to the maintainers of the package that installed pynvml for you.
  import pynvml  # type: ignore[import]
Downloading: "https://download.pytorch.org/models/densenet121-a639ec97.pth" to /root/.cache/torch/hub/checkpoints/densenet121-a639ec97.pth
디바이스: cuda
  GPU 0: Tesla T4, VRAM: 15.6GB
  GPU 1: Tesla T4, VRAM: 15.6GB
  GPU 2: Tesla T4, VRAM: 15.6GB
  GPU 3: Tesla T4, VRAM: 15.6GB

데이터 준비 중...
  이미지 소스 CSV: 10,000건
  원본 레이블 CSV: 227,827건
  원본 레이블 매핑 완료: 10,000건 (교집합)
  랜덤 샘플링: 10,000건
  학습: 8,000건 / 검증: 2,000건

  [라벨 분포 (학습 데이터)]
    Atelectasis                         pos= 2018  neg= 5982  uncertain=    0
    Cardiomegaly                        pos= 1686  neg= 6314  uncertain=    0
    Consolidation                       pos= 1316  neg= 6684  uncertain=    0
    Edema                               pos= 1139  neg= 6861  uncertain=    0
    Enlarged Cardiomediastinum          pos= 1174  neg= 6826  uncertain=    0
    Fracture                            pos=  786  neg= 7214  uncertain=    0
    Lung Lesion                         pos= 1018  neg= 6982  uncertain=    0
    Lung Opacity                        pos= 2471  neg= 5529  uncertain=    0
    No Finding                          pos=    0  neg= 8000  uncertain=    0
    Pleural Effusion                    pos= 2571  neg= 5429  uncertain=    0
    Pleural Other                       pos=  344  neg= 7656  uncertain=    0
    Pneumonia                           pos= 2639  neg= 5361  uncertain=    0
    Pneumothorax                        pos= 1952  neg= 6048  uncertain=    0
    Support Devices                     pos= 3013  neg= 4987  uncertain=    0
  Dataset: 8,000건 | 불확실 라벨(-1): 0개 → 마스킹 처리
  Dataset: 2,000건 | 불확실 라벨(-1): 0개 → 마스킹 처리

#################################################################
#  CheXNet (DenseNet-121) 학습 설정
#################################################################

  [하이퍼파라미터]
    Epochs              : 20
    Batch Size          : 16
    Learning Rate       : 0.0001
    Optimizer           : Adam
    Scheduler           : ReduceLROnPlateau (patience=3, factor=0.5)
    Early Stop Patience : 5
    Loss Function       : BCEWithLogitsLoss (pos_weight + masking)
    Threshold           : 0.4

  [데이터]
    원본 레이블 CSV     : data/label_csv/mimic-cxr-2.0.0-chexpert.csv
    이미지 소스 CSV     : data/mimic_csv/mimic_cxr_bottom7_sample10k.csv
    총 샘플링           : 12,000건
    학습 데이터         : 8,000건
    검증 데이터         : 2,000건
    이미지 디렉토리     : data/mimic_images
    이미지 크기         : 448 x 448
    CLAHE 전처리        : ON (clipLimit=2.0)

  [Augmentation (Train)]
    RandomHorizontalFlip
    RandomRotation(5)
    ColorJitter(brightness=0.1)
    Normalize([0.485,0.456,0.406], [0.229,0.224,0.225])

  [모델/인프라]
    모델                : DenseNet-121 (ImageNet pretrained)
    출력 클래스         : 14 (multi-label)
    디바이스            : cuda
    GPU 수              : 4 (DataParallel)
    레이블 목록         : Atelectasis, Cardiomegaly, Consolidation, Edema, Enlarged Cardiomediastinum, Fracture, Lung Lesion, Lung Opacity, No Finding, Pleural Effusion, Pleural Other, Pneumonia, Pneumothorax, Support Devices

#################################################################

모델 초기화 (DenseNet-121, ImageNet pretrained)...
  0%|          | 0.00/30.8M [00:00<?, ?B/s] 36%|███▌      | 11.0M/30.8M [00:00<00:00, 115MB/s] 81%|████████  | 25.0M/30.8M [00:00<00:00, 134MB/s]100%|██████████| 30.8M/30.8M [00:00<00:00, 143MB/s]
/home/ec2-user/anaconda3/envs/pytorch_p310/lib/python3.10/site-packages/torch/optim/lr_scheduler.py:62: UserWarning: The verbose parameter is deprecated. Please use get_last_lr() to access the learning rate.
  warnings.warn(
멀티 GPU 사용: 4개

pos_weight 범위: 1.7 ~ 5.0

=================================================================
  학습 시작!
=================================================================

  Epoch 1 | Batch [100/500] | loss=0.8632
  Epoch 1 | Batch [200/500] | loss=0.8082
  Epoch 1 | Batch [300/500] | loss=0.8833
  Epoch 1 | Batch [400/500] | loss=0.7950
  Epoch 1 | Batch [500/500] | loss=0.8452

=================================================================
Epoch [1/20]  train_loss=0.8542  val_loss=0.8144
  Mean  AUROC=0.7243  F1=0.3897  Precision=0.2808  Recall=0.6955
─────────────────────────────────────────────────────────────────
  질환                                   AUROC     F1   Prec    Rec
─────────────────────────────────────────────────────────────────
  Atelectasis                         0.7377 0.5014 0.3532 0.8643
  Cardiomegaly                        0.6834 0.4319 0.2869 0.8733
  Consolidation                       0.7137 0.3415 0.2095 0.9226
  Edema                               0.8401 0.3584 0.2212 0.9431
  Enlarged Cardiomediastinum          0.6998 0.3597 0.2885 0.4774
  Fracture                            0.7533 0.3408 0.2867 0.4200
  Lung Lesion                         0.6538 0.2773 0.1726 0.7054
  Lung Opacity                        0.6167 0.4852 0.3212 0.9922
  No Finding                            N/A  0.0000 0.0000 0.0000
  Pleural Effusion                    0.8105 0.6258 0.4759 0.9136
  Pleural Other                       0.6926 0.0000 0.0000 0.0000
  Pneumonia                           0.6514 0.5200 0.3594 0.9402
  Pneumothorax                        0.7591 0.5177 0.3820 0.8028
  Support Devices                     0.8040 0.6962 0.5747 0.8827
=================================================================

  ★ Best 모델 저장 (mAUROC: 0.7243)
  체크포인트 저장: epoch 1
  Epoch 2 | Batch [100/500] | loss=0.8529
  Epoch 2 | Batch [200/500] | loss=0.8381
  Epoch 2 | Batch [300/500] | loss=0.8019
  Epoch 2 | Batch [400/500] | loss=0.7512
  Epoch 2 | Batch [500/500] | loss=0.7534

=================================================================
Epoch [2/20]  train_loss=0.8130  val_loss=0.7811
  Mean  AUROC=0.7368  F1=0.4030  Precision=0.2980  Recall=0.7121
─────────────────────────────────────────────────────────────────
  질환                                   AUROC     F1   Prec    Rec
─────────────────────────────────────────────────────────────────
  Atelectasis                         0.7347 0.4781 0.3237 0.9142
  Cardiomegaly                        0.6910 0.4308 0.2877 0.8571
  Consolidation                       0.7388 0.3838 0.2523 0.8023
  Edema                               0.8510 0.4454 0.2967 0.8932
  Enlarged Cardiomediastinum          0.7116 0.3156 0.1905 0.9194
  Fracture                            0.7431 0.3177 0.2218 0.5600
  Lung Lesion                         0.6704 0.2893 0.1790 0.7552
  Lung Opacity                        0.6265 0.5073 0.3622 0.8464
  No Finding                            N/A  0.0000 0.0000 0.0000
  Pleural Effusion                    0.8275 0.6450 0.5118 0.8719
  Pleural Other                       0.6664 0.0449 0.1538 0.0263
  Pneumonia                           0.6982 0.5607 0.4282 0.8117
  Pneumothorax                        0.7922 0.5186 0.3766 0.8327
  Support Devices                     0.8267 0.7044 0.5877 0.8789
=================================================================

  ★ Best 모델 저장 (mAUROC: 0.7368)
  체크포인트 저장: epoch 2
  Epoch 3 | Batch [100/500] | loss=0.6959
  Epoch 3 | Batch [200/500] | loss=0.8000
  Epoch 3 | Batch [300/500] | loss=0.7149
  Epoch 3 | Batch [400/500] | loss=0.7308
  Epoch 3 | Batch [500/500] | loss=0.7952

=================================================================
Epoch [3/20]  train_loss=0.7922  val_loss=0.7690
  Mean  AUROC=0.7512  F1=0.4254  Precision=0.3157  Recall=0.7170
─────────────────────────────────────────────────────────────────
  질환                                   AUROC     F1   Prec    Rec
─────────────────────────────────────────────────────────────────
  Atelectasis                         0.7513 0.5104 0.3639 0.8543
  Cardiomegaly                        0.7061 0.4384 0.2971 0.8364
  Consolidation                       0.7520 0.4126 0.2817 0.7708
  Edema                               0.8604 0.4617 0.3104 0.9004
  Enlarged Cardiomediastinum          0.7265 0.3390 0.2126 0.8355
  Fracture                            0.7513 0.3203 0.2142 0.6350
  Lung Lesion                         0.6819 0.2861 0.1750 0.7842
  Lung Opacity                        0.6355 0.5114 0.3553 0.9122
  No Finding                            N/A  0.0000 0.0000 0.0000
  Pleural Effusion                    0.8444 0.6727 0.5500 0.8657
  Pleural Other                       0.7061 0.1465 0.1015 0.2632
  Pneumonia                           0.7067 0.5646 0.4152 0.8819
  Pneumothorax                        0.8073 0.5594 0.4661 0.6992
  Support Devices                     0.8359 0.7329 0.6766 0.7995
=================================================================

  ★ Best 모델 저장 (mAUROC: 0.7512)
  체크포인트 저장: epoch 3
  Epoch 4 | Batch [100/500] | loss=0.7596
  Epoch 4 | Batch [200/500] | loss=0.8702
  Epoch 4 | Batch [300/500] | loss=0.7920
  Epoch 4 | Batch [400/500] | loss=0.7855
  Epoch 4 | Batch [500/500] | loss=0.8569

=================================================================
Epoch [4/20]  train_loss=0.7753  val_loss=0.7589
  Mean  AUROC=0.7572  F1=0.4390  Precision=0.3358  Recall=0.6992
─────────────────────────────────────────────────────────────────
  질환                                   AUROC     F1   Prec    Rec
─────────────────────────────────────────────────────────────────
  Atelectasis                         0.7383 0.5122 0.3736 0.8144
  Cardiomegaly                        0.7114 0.4400 0.3013 0.8157
  Consolidation                       0.7612 0.4124 0.2752 0.8223
  Edema                               0.8572 0.4495 0.2976 0.9181
  Enlarged Cardiomediastinum          0.7177 0.3797 0.2642 0.6742
  Fracture                            0.7805 0.3423 0.2236 0.7300
  Lung Lesion                         0.7009 0.3099 0.1979 0.7137
  Lung Opacity                        0.6282 0.5093 0.3849 0.7524
  No Finding                            N/A  0.0000 0.0000 0.0000
  Pleural Effusion                    0.8563 0.6798 0.5539 0.8796
  Pleural Other                       0.7040 0.2240 0.2857 0.1842
  Pneumonia                           0.7293 0.5800 0.4401 0.8505
  Pneumothorax                        0.8200 0.5722 0.4452 0.8008
  Support Devices                     0.8380 0.7350 0.6580 0.8323
=================================================================

  ★ Best 모델 저장 (mAUROC: 0.7572)
  체크포인트 저장: epoch 4
  Epoch 5 | Batch [100/500] | loss=0.7667
  Epoch 5 | Batch [200/500] | loss=0.7892
  Epoch 5 | Batch [300/500] | loss=0.8194
  Epoch 5 | Batch [400/500] | loss=0.7261
  Epoch 5 | Batch [500/500] | loss=0.6905

=================================================================
Epoch [5/20]  train_loss=0.7590  val_loss=0.7665
  Mean  AUROC=0.7553  F1=0.4286  Precision=0.3153  Recall=0.7253
─────────────────────────────────────────────────────────────────
  질환                                   AUROC     F1   Prec    Rec
─────────────────────────────────────────────────────────────────
  Atelectasis                         0.7503 0.4846 0.3260 0.9441
  Cardiomegaly                        0.7085 0.4367 0.2973 0.8226
  Consolidation                       0.7571 0.3971 0.2582 0.8596
  Edema                               0.8577 0.4406 0.2906 0.9110
  Enlarged Cardiomediastinum          0.7310 0.3746 0.2495 0.7516
  Fracture                            0.7796 0.3724 0.2842 0.5400
  Lung Lesion                         0.6959 0.3015 0.1881 0.7593
  Lung Opacity                        0.6383 0.5130 0.3574 0.9091
  No Finding                            N/A  0.0000 0.0000 0.0000
  Pleural Effusion                    0.8538 0.6445 0.4934 0.9290
  Pleural Other                       0.6743 0.1940 0.2241 0.1711
  Pneumonia                           0.7214 0.5690 0.4232 0.8685
  Pneumothorax                        0.8216 0.5763 0.4489 0.8048
  Support Devices                     0.8300 0.6958 0.5736 0.8840
=================================================================

  Early stopping 카운트: 1/5
  체크포인트 저장: epoch 5
  Epoch 6 | Batch [100/500] | loss=0.7445
  Epoch 6 | Batch [200/500] | loss=0.6834
  Epoch 6 | Batch [300/500] | loss=0.7146
  Epoch 6 | Batch [400/500] | loss=0.7916
  Epoch 6 | Batch [500/500] | loss=0.8795

=================================================================
Epoch [6/20]  train_loss=0.7447  val_loss=0.7815
  Mean  AUROC=0.7564  F1=0.4351  Precision=0.3441  Recall=0.6683
─────────────────────────────────────────────────────────────────
  질환                                   AUROC     F1   Prec    Rec
─────────────────────────────────────────────────────────────────
  Atelectasis                         0.7468 0.5308 0.4136 0.7405
  Cardiomegaly                        0.7258 0.4641 0.3285 0.7903
  Consolidation                       0.7440 0.3866 0.2478 0.8797
  Edema                               0.8538 0.4165 0.2678 0.9359
  Enlarged Cardiomediastinum          0.7250 0.3764 0.2522 0.7419
  Fracture                            0.7922 0.3746 0.2853 0.5450
  Lung Lesion                         0.6924 0.2916 0.1976 0.5560
  Lung Opacity                        0.6358 0.5099 0.3546 0.9075
  No Finding                            N/A  0.0000 0.0000 0.0000
  Pleural Effusion                    0.8526 0.6874 0.5920 0.8194
  Pleural Other                       0.6988 0.1752 0.1967 0.1579
  Pneumonia                           0.7191 0.5600 0.4018 0.9238
  Pneumothorax                        0.8038 0.5887 0.5675 0.6116
  Support Devices                     0.8432 0.7291 0.7124 0.7465
=================================================================

  Early stopping 카운트: 2/5
  체크포인트 저장: epoch 6
  Epoch 7 | Batch [100/500] | loss=0.7250
  Epoch 7 | Batch [200/500] | loss=0.6777
  Epoch 7 | Batch [300/500] | loss=0.7702
  Epoch 7 | Batch [400/500] | loss=0.7651
  Epoch 7 | Batch [500/500] | loss=0.7878

=================================================================
Epoch [7/20]  train_loss=0.7250  val_loss=0.7796
  Mean  AUROC=0.7567  F1=0.4247  Precision=0.3183  Recall=0.6992
─────────────────────────────────────────────────────────────────
  질환                                   AUROC     F1   Prec    Rec
─────────────────────────────────────────────────────────────────
  Atelectasis                         0.7533 0.5075 0.3512 0.9142
  Cardiomegaly                        0.7082 0.4363 0.2932 0.8525
  Consolidation                       0.7522 0.4258 0.3024 0.7192
  Edema                               0.8499 0.4870 0.3505 0.7972
  Enlarged Cardiomediastinum          0.7226 0.3219 0.1964 0.8903
  Fracture                            0.7887 0.2977 0.1811 0.8350
  Lung Lesion                         0.6777 0.2904 0.1970 0.5519
  Lung Opacity                        0.6294 0.4871 0.3834 0.6677
  No Finding                            N/A  0.0000 0.0000 0.0000
  Pleural Effusion                    0.8523 0.6782 0.5531 0.8765
  Pleural Other                       0.7200 0.2143 0.1534 0.3553
  Pneumonia                           0.7189 0.5467 0.5195 0.5770
  Pneumothorax                        0.8308 0.5732 0.4398 0.8227
  Support Devices                     0.8334 0.6796 0.5356 0.9294
=================================================================

  Early stopping 카운트: 3/5
  체크포인트 저장: epoch 7
  Epoch 8 | Batch [100/500] | loss=0.7104
  Epoch 8 | Batch [200/500] | loss=0.7594
  Epoch 8 | Batch [300/500] | loss=0.7201
  Epoch 8 | Batch [400/500] | loss=0.7325
  Epoch 8 | Batch [500/500] | loss=0.7916

=================================================================
Epoch [8/20]  train_loss=0.7006  val_loss=0.7742
  Mean  AUROC=0.7516  F1=0.4362  Precision=0.3272  Recall=0.6976
─────────────────────────────────────────────────────────────────
  질환                                   AUROC     F1   Prec    Rec
─────────────────────────────────────────────────────────────────
  Atelectasis                         0.7396 0.5183 0.3680 0.8762
  Cardiomegaly                        0.7137 0.4624 0.3451 0.7005
  Consolidation                       0.7510 0.4234 0.2923 0.7679
  Edema                               0.8519 0.4700 0.3291 0.8221
  Enlarged Cardiomediastinum          0.7152 0.3751 0.2618 0.6613
  Fracture                            0.7569 0.2891 0.1772 0.7850
  Lung Lesion                         0.6940 0.3149 0.2056 0.6722
  Lung Opacity                        0.6283 0.5095 0.3616 0.8621
  No Finding                            N/A  0.0000 0.0000 0.0000
  Pleural Effusion                    0.8510 0.6816 0.5608 0.8688
  Pleural Other                       0.7022 0.1869 0.1268 0.3553
  Pneumonia                           0.7149 0.5673 0.4339 0.8191
  Pneumothorax                        0.8181 0.5899 0.5000 0.7191
  Support Devices                     0.8333 0.7184 0.6182 0.8575
=================================================================

  Early stopping 카운트: 4/5
  체크포인트 저장: epoch 8
  Epoch 9 | Batch [100/500] | loss=0.6508
  Epoch 9 | Batch [200/500] | loss=0.5918
  Epoch 9 | Batch [300/500] | loss=0.5638
  Epoch 9 | Batch [400/500] | loss=0.5939
  Epoch 9 | Batch [500/500] | loss=0.6703

=================================================================
Epoch [9/20]  train_loss=0.6573  val_loss=0.7796
  Mean  AUROC=0.7547  F1=0.4408  Precision=0.3431  Recall=0.6643
─────────────────────────────────────────────────────────────────
  질환                                   AUROC     F1   Prec    Rec
─────────────────────────────────────────────────────────────────
  Atelectasis                         0.7419 0.5228 0.3941 0.7764
  Cardiomegaly                        0.7057 0.4419 0.3063 0.7926
  Consolidation                       0.7506 0.4197 0.2883 0.7708
  Edema                               0.8397 0.4654 0.3204 0.8505
  Enlarged Cardiomediastinum          0.7212 0.3598 0.2445 0.6806
  Fracture                            0.7978 0.3766 0.2635 0.6600
  Lung Lesion                         0.6827 0.2916 0.1862 0.6722
  Lung Opacity                        0.6381 0.5062 0.3947 0.7053
  No Finding                            N/A  0.0000 0.0000 0.0000
  Pleural Effusion                    0.8518 0.6822 0.5768 0.8349
  Pleural Other                       0.6950 0.1758 0.1509 0.2105
  Pneumonia                           0.7210 0.5730 0.4283 0.8655
  Pneumothorax                        0.8293 0.6297 0.5796 0.6892
  Support Devices                     0.8367 0.7260 0.6702 0.7919
=================================================================

  Early stopping 카운트: 5/5

★ Early stopping! (epoch 9, best mAUROC: 0.7572)

학습 완료! Best mAUROC: 0.7572
