/home/ec2-user/anaconda3/envs/pytorch_p310/lib/python3.10/site-packages/torch/cuda/__init__.py:61: FutureWarning: The pynvml package is deprecated. Please install nvidia-ml-py instead. If you did not install pynvml directly, please report this to the maintainers of the package that installed pynvml for you.
  import pynvml  # type: ignore[import]
Downloading: "https://download.pytorch.org/models/densenet121-a639ec97.pth" to /root/.cache/torch/hub/checkpoints/densenet121-a639ec97.pth
디바이스: cuda
GPU: Tesla T4, VRAM: 15.6GB

데이터 준비 중...
MIMIC-CXR: 10,000건 로드 | 불확실 라벨(-1): 0개 → 마스킹 처리
별도 Validation CSV 사용: data/val_csv/mimic_cxr_clean.csv
  학습 데이터 중복 제거 후 Validation: 164,944건
MIMIC-CXR: 5,000건 로드 | 불확실 라벨(-1): 0개 → 마스킹 처리
학습: 10,000건 / 검증: 5,000건

모델 초기화 (DenseNet-121, ImageNet pretrained)...
  0%|          | 0.00/30.8M [00:00<?, ?B/s] 82%|████████▏ | 25.2M/30.8M [00:00<00:00, 265MB/s]100%|██████████| 30.8M/30.8M [00:00<00:00, 264MB/s]
/home/ec2-user/anaconda3/envs/pytorch_p310/lib/python3.10/site-packages/torch/optim/lr_scheduler.py:62: UserWarning: The verbose parameter is deprecated. Please use get_last_lr() to access the learning rate.
  warnings.warn(
멀티 GPU 사용: 4개

pos_weight 범위: 1.6 ~ 5.0
  Epoch 1 | Batch [200/625] | loss=0.9602
  Epoch 1 | Batch [400/625] | loss=0.7793
  Epoch 1 | Batch [600/625] | loss=0.8068

=================================================================
Epoch [1/15]  train_loss=0.8457  val_loss=1.6019
  Mean  AUROC=0.7020  F1=0.2427  Precision=0.1724  Recall=0.7065
─────────────────────────────────────────────────────────────────
  질환                                   AUROC     F1   Prec    Rec
─────────────────────────────────────────────────────────────────
  Atelectasis                         0.7838 0.4662 0.3338 0.7726
  Cardiomegaly                        0.7557 0.4406 0.3112 0.7545
  Consolidation                       0.8173 0.0927 0.0489 0.8919
  Edema                               0.8700 0.4307 0.2897 0.8386
  Enlarged Cardiomediastinum          0.7000 0.0578 0.0300 0.7604
  Fracture                            0.5886 0.0367 0.0188 0.7632
  Lung Lesion                         0.5903 0.0423 0.0218 0.6882
  Lung Opacity                        0.5933 0.2448 0.1405 0.9533
  No Finding                          0.2991 0.0000 0.0000 0.0000
  Pleural Effusion                    0.8700 0.5895 0.4478 0.8624
  Pleural Other                       0.6910 0.0968 0.1111 0.0857
  Pneumonia                           0.5916 0.1042 0.0556 0.8361
  Pneumothorax                        0.8138 0.1447 0.0793 0.8281
  Support Devices                     0.8632 0.6506 0.5245 0.8566
=================================================================

  ★ Best 모델 저장 (mAUROC: 0.7020)
  체크포인트 저장: epoch 1
  Epoch 2 | Batch [200/625] | loss=0.7607
  Epoch 2 | Batch [400/625] | loss=0.7835
  Epoch 2 | Batch [600/625] | loss=0.8031

=================================================================
Epoch [2/15]  train_loss=0.8077  val_loss=1.7219
  Mean  AUROC=0.7225  F1=0.2438  Precision=0.1679  Recall=0.7043
─────────────────────────────────────────────────────────────────
  질환                                   AUROC     F1   Prec    Rec
─────────────────────────────────────────────────────────────────
  Atelectasis                         0.7804 0.4452 0.3077 0.8054
  Cardiomegaly                        0.7545 0.4192 0.2808 0.8266
  Consolidation                       0.8141 0.0778 0.0406 0.9369
  Edema                               0.8675 0.4050 0.2630 0.8794
  Enlarged Cardiomediastinum          0.6788 0.0511 0.0265 0.7604
  Fracture                            0.5899 0.0364 0.0190 0.4474
  Lung Lesion                         0.5814 0.0407 0.0209 0.7527
  Lung Opacity                        0.6995 0.2925 0.1751 0.8876
  No Finding                          0.4666 0.0000 0.0000 0.0000
  Pleural Effusion                    0.8940 0.5925 0.4397 0.9082
  Pleural Other                       0.6798 0.0877 0.0633 0.1429
  Pneumonia                           0.6081 0.0960 0.0506 0.9262
  Pneumothorax                        0.8244 0.2036 0.1182 0.7344
  Support Devices                     0.8762 0.6649 0.5448 0.8528
=================================================================

  ★ Best 모델 저장 (mAUROC: 0.7225)
  체크포인트 저장: epoch 2
  Epoch 3 | Batch [200/625] | loss=0.8598
  Epoch 3 | Batch [400/625] | loss=0.7527
  Epoch 3 | Batch [600/625] | loss=0.7549

=================================================================
Epoch [3/15]  train_loss=0.7868  val_loss=1.8673
  Mean  AUROC=0.7327  F1=0.2598  Precision=0.1912  Recall=0.6869
─────────────────────────────────────────────────────────────────
  질환                                   AUROC     F1   Prec    Rec
─────────────────────────────────────────────────────────────────
  Atelectasis                         0.7891 0.4464 0.3066 0.8206
  Cardiomegaly                        0.7695 0.4438 0.3202 0.7230
  Consolidation                       0.8095 0.0955 0.0507 0.8198
  Edema                               0.8799 0.4657 0.3352 0.7625
  Enlarged Cardiomediastinum          0.7180 0.0686 0.0361 0.6667
  Fracture                            0.6002 0.0357 0.0183 0.8158
  Lung Lesion                         0.6324 0.0446 0.0229 0.8387
  Lung Opacity                        0.7041 0.3286 0.2157 0.6891
  No Finding                          0.3980 0.0000 0.0000 0.0000
  Pleural Effusion                    0.8989 0.6431 0.5199 0.8425
  Pleural Other                       0.7277 0.0625 0.0362 0.2286
  Pneumonia                           0.6095 0.1019 0.0540 0.9016
  Pneumothorax                        0.8394 0.2025 0.1172 0.7448
  Support Devices                     0.8821 0.6985 0.6437 0.7635
=================================================================

  ★ Best 모델 저장 (mAUROC: 0.7327)
  체크포인트 저장: epoch 3
  Epoch 4 | Batch [200/625] | loss=0.7883
  Epoch 4 | Batch [400/625] | loss=0.7094
  Epoch 4 | Batch [600/625] | loss=0.6957

=================================================================
Epoch [4/15]  train_loss=0.7716  val_loss=2.0016
  Mean  AUROC=0.7301  F1=0.2527  Precision=0.1807  Recall=0.6647
─────────────────────────────────────────────────────────────────
  질환                                   AUROC     F1   Prec    Rec
─────────────────────────────────────────────────────────────────
  Atelectasis                         0.7994 0.4429 0.2972 0.8687
  Cardiomegaly                        0.7766 0.4441 0.3035 0.8277
  Consolidation                       0.8057 0.1155 0.0631 0.6847
  Edema                               0.8864 0.4759 0.3444 0.7699
  Enlarged Cardiomediastinum          0.6730 0.0539 0.0280 0.6875
  Fracture                            0.6160 0.0419 0.0218 0.5789
  Lung Lesion                         0.6110 0.0484 0.0252 0.6344
  Lung Opacity                        0.6622 0.2870 0.1759 0.7796
  No Finding                          0.4422 0.0000 0.0000 0.0000
  Pleural Effusion                    0.9050 0.6546 0.5331 0.8478
  Pleural Other                       0.7558 0.0679 0.0391 0.2571
  Pneumonia                           0.5818 0.1066 0.0587 0.5779
  Pneumothorax                        0.8268 0.1040 0.0550 0.9375
  Support Devices                     0.8801 0.6944 0.5853 0.8535
=================================================================

  Early stopping 카운트: 1/5
  체크포인트 저장: epoch 4
  Epoch 5 | Batch [200/625] | loss=0.8403
  Epoch 5 | Batch [400/625] | loss=0.8108
  Epoch 5 | Batch [600/625] | loss=0.7759

=================================================================
Epoch [5/15]  train_loss=0.7580  val_loss=2.0776
  Mean  AUROC=0.7300  F1=0.2625  Precision=0.1936  Recall=0.6895
─────────────────────────────────────────────────────────────────
  질환                                   AUROC     F1   Prec    Rec
─────────────────────────────────────────────────────────────────
  Atelectasis                         0.7992 0.4667 0.3299 0.7972
  Cardiomegaly                        0.7826 0.4625 0.3387 0.7286
  Consolidation                       0.8039 0.0980 0.0521 0.8378
  Edema                               0.8910 0.4997 0.3771 0.7403
  Enlarged Cardiomediastinum          0.7075 0.0543 0.0281 0.8125
  Fracture                            0.6095 0.0364 0.0186 0.7632
  Lung Lesion                         0.6314 0.0488 0.0255 0.5806
  Lung Opacity                        0.6892 0.3031 0.1889 0.7664
  No Finding                          0.3493 0.0000 0.0000 0.0000
  Pleural Effusion                    0.9003 0.6572 0.5613 0.7925
  Pleural Other                       0.7517 0.0460 0.0243 0.4286
  Pneumonia                           0.5760 0.1030 0.0550 0.8115
  Pneumothorax                        0.8450 0.2052 0.1188 0.7552
  Support Devices                     0.8842 0.6947 0.5927 0.8391
=================================================================

  Early stopping 카운트: 2/5
  체크포인트 저장: epoch 5
  Epoch 6 | Batch [200/625] | loss=0.7620
  Epoch 6 | Batch [400/625] | loss=0.8044
  Epoch 6 | Batch [600/625] | loss=0.9085

=================================================================
Epoch [6/15]  train_loss=0.7434  val_loss=2.2016
  Mean  AUROC=0.7352  F1=0.2584  Precision=0.1866  Recall=0.6719
─────────────────────────────────────────────────────────────────
  질환                                   AUROC     F1   Prec    Rec
─────────────────────────────────────────────────────────────────
  Atelectasis                         0.7970 0.4524 0.3076 0.8546
  Cardiomegaly                        0.7778 0.4611 0.3403 0.7151
  Consolidation                       0.8303 0.1122 0.0605 0.7658
  Edema                               0.8809 0.4854 0.3611 0.7403
  Enlarged Cardiomediastinum          0.6210 0.0497 0.0258 0.6458
  Fracture                            0.5983 0.0323 0.0168 0.4211
  Lung Lesion                         0.6412 0.0458 0.0238 0.6129
  Lung Opacity                        0.7011 0.3077 0.1909 0.7927
  No Finding                          0.3828 0.0000 0.0000 0.0000
  Pleural Effusion                    0.9012 0.6501 0.5232 0.8582
  Pleural Other                       0.7927 0.0887 0.0504 0.3714
  Pneumonia                           0.6242 0.1041 0.0554 0.8689
  Pneumothorax                        0.8581 0.1374 0.0743 0.9115
  Support Devices                     0.8860 0.6905 0.5822 0.8482
=================================================================

  ★ Best 모델 저장 (mAUROC: 0.7352)
  체크포인트 저장: epoch 6
  Epoch 7 | Batch [200/625] | loss=0.6811
  Epoch 7 | Batch [400/625] | loss=0.7702
  Epoch 7 | Batch [600/625] | loss=0.6787

=================================================================
Epoch [7/15]  train_loss=0.7288  val_loss=2.2168
  Mean  AUROC=0.7353  F1=0.2551  Precision=0.1797  Recall=0.6939
─────────────────────────────────────────────────────────────────
  질환                                   AUROC     F1   Prec    Rec
─────────────────────────────────────────────────────────────────
  Atelectasis                         0.8010 0.4626 0.3269 0.7913
  Cardiomegaly                        0.7740 0.4436 0.3060 0.8063
  Consolidation                       0.8104 0.0792 0.0415 0.8919
  Edema                               0.8929 0.4641 0.3182 0.8571
  Enlarged Cardiomediastinum          0.6635 0.0492 0.0254 0.8125
  Fracture                            0.6418 0.0470 0.0245 0.5789
  Lung Lesion                         0.6190 0.0435 0.0224 0.6989
  Lung Opacity                        0.6711 0.3004 0.1914 0.6978
  No Finding                          0.4171 0.0000 0.0000 0.0000
  Pleural Effusion                    0.8986 0.6312 0.5031 0.8467
  Pleural Other                       0.7392 0.0371 0.0198 0.2857
  Pneumonia                           0.6115 0.1055 0.0564 0.8197
  Pneumothorax                        0.8693 0.2319 0.1377 0.7344
  Support Devices                     0.8841 0.6755 0.5431 0.8932
=================================================================

  ★ Best 모델 저장 (mAUROC: 0.7353)
  체크포인트 저장: epoch 7
  Epoch 8 | Batch [200/625] | loss=0.6252
  Epoch 8 | Batch [400/625] | loss=0.6436
  Epoch 8 | Batch [600/625] | loss=0.6745

=================================================================
Epoch [8/15]  train_loss=0.7093  val_loss=2.3345
  Mean  AUROC=0.7410  F1=0.2590  Precision=0.1838  Recall=0.6912
─────────────────────────────────────────────────────────────────
  질환                                   AUROC     F1   Prec    Rec
─────────────────────────────────────────────────────────────────
  Atelectasis                         0.8028 0.4303 0.2828 0.8992
  Cardiomegaly                        0.7828 0.4626 0.3300 0.7736
  Consolidation                       0.8172 0.1079 0.0580 0.7748
  Edema                               0.8743 0.4764 0.3709 0.6660
  Enlarged Cardiomediastinum          0.7090 0.0525 0.0270 0.8854
  Fracture                            0.6288 0.0415 0.0213 0.7763
  Lung Lesion                         0.6688 0.0562 0.0295 0.6129
  Lung Opacity                        0.6611 0.2963 0.1884 0.6934
  No Finding                          0.4508 0.0000 0.0000 0.0000
  Pleural Effusion                    0.9030 0.6219 0.4755 0.8989
  Pleural Other                       0.7674 0.0764 0.0430 0.3429
  Pneumonia                           0.5708 0.1047 0.0564 0.7254
  Pneumothorax                        0.8516 0.2109 0.1226 0.7552
  Support Devices                     0.8856 0.6879 0.5677 0.8726
=================================================================

  ★ Best 모델 저장 (mAUROC: 0.7410)
  체크포인트 저장: epoch 8
  Epoch 9 | Batch [200/625] | loss=0.6104
  Epoch 9 | Batch [400/625] | loss=0.6750
  Epoch 9 | Batch [600/625] | loss=0.6163

=================================================================
Epoch [9/15]  train_loss=0.6917  val_loss=2.3235
  Mean  AUROC=0.7423  F1=0.2684  Precision=0.2016  Recall=0.6749
─────────────────────────────────────────────────────────────────
  질환                                   AUROC     F1   Prec    Rec
─────────────────────────────────────────────────────────────────
  Atelectasis                         0.7964 0.4699 0.3438 0.7421
  Cardiomegaly                        0.7834 0.4751 0.3641 0.6836
  Consolidation                       0.8032 0.0991 0.0529 0.7838
  Edema                               0.8911 0.4978 0.3755 0.7384
  Enlarged Cardiomediastinum          0.6768 0.0617 0.0325 0.6042
  Fracture                            0.6484 0.0433 0.0223 0.8026
  Lung Lesion                         0.6652 0.0516 0.0267 0.7957
  Lung Opacity                        0.6641 0.2822 0.1700 0.8292
  No Finding                          0.5235 0.0000 0.0000 0.0000
  Pleural Effusion                    0.8991 0.6623 0.5699 0.7904
  Pleural Other                       0.6694 0.0341 0.0179 0.3429
  Pneumonia                           0.6171 0.1022 0.0543 0.8566
  Pneumothorax                        0.8634 0.2689 0.1691 0.6562
  Support Devices                     0.8912 0.7096 0.6237 0.8230
=================================================================

  ★ Best 모델 저장 (mAUROC: 0.7423)
  체크포인트 저장: epoch 9
  Epoch 10 | Batch [200/625] | loss=0.5722
  Epoch 10 | Batch [400/625] | loss=0.6594
  Epoch 10 | Batch [600/625] | loss=0.6260

=================================================================
Epoch [10/15]  train_loss=0.6675  val_loss=2.4242
  Mean  AUROC=0.7343  F1=0.2589  Precision=0.1905  Recall=0.6606
─────────────────────────────────────────────────────────────────
  질환                                   AUROC     F1   Prec    Rec
─────────────────────────────────────────────────────────────────
  Atelectasis                         0.7726 0.4425 0.3237 0.6987
  Cardiomegaly                        0.7790 0.4636 0.3470 0.6982
  Consolidation                       0.8196 0.0860 0.0452 0.8919
  Edema                               0.8844 0.4678 0.3281 0.8145
  Enlarged Cardiomediastinum          0.6493 0.0676 0.0363 0.4896
  Fracture                            0.6206 0.0433 0.0230 0.3816
  Lung Lesion                         0.6413 0.0470 0.0242 0.7957
  Lung Opacity                        0.6865 0.2855 0.1710 0.8642
  No Finding                          0.4312 0.0000 0.0000 0.0000
  Pleural Effusion                    0.8981 0.6432 0.5333 0.8102
  Pleural Other                       0.7220 0.0567 0.0304 0.4286
  Pneumonia                           0.6459 0.1046 0.0558 0.8361
  Pneumothorax                        0.8480 0.2181 0.1279 0.7396
  Support Devices                     0.8813 0.6994 0.6216 0.7994
=================================================================

  Early stopping 카운트: 1/5
  체크포인트 저장: epoch 10
  Epoch 11 | Batch [200/625] | loss=0.5863
  Epoch 11 | Batch [400/625] | loss=0.7592
  Epoch 11 | Batch [600/625] | loss=0.6286

=================================================================
Epoch [11/15]  train_loss=0.6439  val_loss=2.5374
  Mean  AUROC=0.7307  F1=0.2495  Precision=0.1769  Recall=0.6766
─────────────────────────────────────────────────────────────────
  질환                                   AUROC     F1   Prec    Rec
─────────────────────────────────────────────────────────────────
  Atelectasis                         0.7585 0.3985 0.2594 0.8593
  Cardiomegaly                        0.7755 0.4572 0.3326 0.7309
  Consolidation                       0.7874 0.0999 0.0534 0.7838
  Edema                               0.8770 0.4233 0.2791 0.8757
  Enlarged Cardiomediastinum          0.6761 0.0488 0.0252 0.7917
  Fracture                            0.5972 0.0444 0.0241 0.2763
  Lung Lesion                         0.6293 0.0467 0.0241 0.7204
  Lung Opacity                        0.6833 0.2606 0.1509 0.9562
  No Finding                          0.4835 0.0000 0.0000 0.0000
  Pleural Effusion                    0.8941 0.6123 0.4713 0.8738
  Pleural Other                       0.7083 0.0525 0.0289 0.2857
  Pneumonia                           0.6380 0.1074 0.0573 0.8566
  Pneumothorax                        0.8415 0.2408 0.1472 0.6615
  Support Devices                     0.8805 0.7005 0.6229 0.8002
=================================================================

  Early stopping 카운트: 2/5
  체크포인트 저장: epoch 11
  Epoch 12 | Batch [200/625] | loss=0.5967
  Epoch 12 | Batch [400/625] | loss=0.6962
  Epoch 12 | Batch [600/625] | loss=0.6348

=================================================================
Epoch [12/15]  train_loss=0.6223  val_loss=2.4899
  Mean  AUROC=0.7282  F1=0.2538  Precision=0.1795  Recall=0.6719
─────────────────────────────────────────────────────────────────
  질환                                   AUROC     F1   Prec    Rec
─────────────────────────────────────────────────────────────────
  Atelectasis                         0.7746 0.4375 0.3016 0.7960
  Cardiomegaly                        0.7696 0.4448 0.3160 0.7511
  Consolidation                       0.7816 0.0973 0.0524 0.6847
  Edema                               0.8757 0.4658 0.3241 0.8275
  Enlarged Cardiomediastinum          0.6810 0.0749 0.0406 0.4792
  Fracture                            0.6298 0.0379 0.0195 0.7105
  Lung Lesion                         0.6555 0.0552 0.0288 0.6344
  Lung Opacity                        0.6296 0.2643 0.1563 0.8555
  No Finding                          0.4386 0.0000 0.0000 0.0000
  Pleural Effusion                    0.8958 0.6232 0.4893 0.8582
  Pleural Other                       0.7242 0.0320 0.0166 0.4571
  Pneumonia                           0.6021 0.1089 0.0584 0.8033
  Pneumothorax                        0.8527 0.2286 0.1365 0.7031
  Support Devices                     0.8840 0.6827 0.5722 0.8459
=================================================================

  Early stopping 카운트: 3/5
  체크포인트 저장: epoch 12
  Epoch 13 | Batch [200/625] | loss=0.5867
  Epoch 13 | Batch [400/625] | loss=0.6191
  Epoch 13 | Batch [600/625] | loss=0.7207

=================================================================
Epoch [13/15]  train_loss=0.5941  val_loss=2.5963
  Mean  AUROC=0.7286  F1=0.2583  Precision=0.1874  Recall=0.6407
─────────────────────────────────────────────────────────────────
  질환                                   AUROC     F1   Prec    Rec
─────────────────────────────────────────────────────────────────
  Atelectasis                         0.7871 0.4393 0.2982 0.8335
  Cardiomegaly                        0.7657 0.4413 0.3032 0.8108
  Consolidation                       0.7796 0.1264 0.0697 0.6757
  Edema                               0.8826 0.4936 0.3600 0.7848
  Enlarged Cardiomediastinum          0.6371 0.0634 0.0341 0.4479
  Fracture                            0.6084 0.0348 0.0180 0.4737
  Lung Lesion                         0.6342 0.0545 0.0290 0.4624
  Lung Opacity                        0.6643 0.2890 0.1755 0.8190
  No Finding                          0.4288 0.0000 0.0000 0.0000
  Pleural Effusion                    0.8978 0.6342 0.5085 0.8425
  Pleural Other                       0.7677 0.0615 0.0333 0.4000
  Pneumonia                           0.6229 0.1081 0.0577 0.8648
  Pneumothorax                        0.8446 0.1705 0.0956 0.7865
  Support Devices                     0.8792 0.6993 0.6412 0.7689
=================================================================

  Early stopping 카운트: 4/5
  체크포인트 저장: epoch 13
  Epoch 14 | Batch [200/625] | loss=0.5537
  Epoch 14 | Batch [400/625] | loss=0.5836
  Epoch 14 | Batch [600/625] | loss=0.4878

=================================================================
Epoch [14/15]  train_loss=0.5346  val_loss=2.6755
  Mean  AUROC=0.7275  F1=0.2597  Precision=0.1863  Recall=0.6365
─────────────────────────────────────────────────────────────────
  질환                                   AUROC     F1   Prec    Rec
─────────────────────────────────────────────────────────────────
  Atelectasis                         0.7716 0.4415 0.3120 0.7550
  Cardiomegaly                        0.7556 0.4196 0.2791 0.8446
  Consolidation                       0.7664 0.0943 0.0505 0.7117
  Edema                               0.8796 0.4422 0.2982 0.8553
  Enlarged Cardiomediastinum          0.6253 0.0609 0.0323 0.5312
  Fracture                            0.6402 0.0437 0.0229 0.4605
  Lung Lesion                         0.6805 0.0599 0.0317 0.5484
  Lung Opacity                        0.6591 0.2827 0.1695 0.8526
  No Finding                          0.4341 0.0000 0.0000 0.0000
  Pleural Effusion                    0.8960 0.6317 0.5083 0.8342
  Pleural Other                       0.6809 0.0543 0.0314 0.2000
  Pneumonia                           0.6587 0.1057 0.0561 0.9139
  Pneumothorax                        0.8557 0.2988 0.1996 0.5938
  Support Devices                     0.8808 0.7005 0.6171 0.8101
=================================================================

  Early stopping 카운트: 5/5

★ Early stopping! (epoch 14, best mAUROC: 0.7423)

학습 완료! Best mAUROC: 0.7423
